/*C1*/SET SCHEMA SYSTEM_LOBS
INSERT INTO BLOCKS VALUES(0,2147483647,0)
COMMIT
/*C2*/SET SCHEMA PUBLIC
CREATE TABLE IF NOT EXISTS Driver ( firstName TEXT, lastName TEXT, phoneNumber TEXT, rid BIGINT IDENTITY PRIMARY KEY, id BIGINT, cf BOOLEAN, df BOOLEAN, arsd TIMESTAMP DEFAULT CURRENT_TIMESTAMP, ared TIMESTAMP NULL, euid BIGINT, esid BIGINT, tid BIGINT)
DISCONNECT
/*C3*/SET SCHEMA PUBLIC
CREATE TABLE IF NOT EXISTS Car ( make VARCHAR(200), model TEXT, year INT, color TEXT, name TEXT, description TEXT, isInNeedOfRepair BOOLEAN, isOnCall BOOLEAN, isOutWorking BOOLEAN, currentDriverId BIGINT, rid BIGINT IDENTITY PRIMARY KEY, id BIGINT, cf BOOLEAN, df BOOLEAN, arsd TIMESTAMP DEFAULT CURRENT_TIMESTAMP, ared TIMESTAMP NULL, euid BIGINT, esid BIGINT, tid BIGINT)
DISCONNECT
/*C4*/SET SCHEMA PUBLIC
CREATE TABLE IF NOT EXISTS FdfSystem ( name TEXT, description TEXT, sha256EncodedPassword TEXT, rid BIGINT IDENTITY PRIMARY KEY, id BIGINT, cf BOOLEAN, df BOOLEAN, arsd TIMESTAMP DEFAULT CURRENT_TIMESTAMP, ared TIMESTAMP NULL, euid BIGINT, esid BIGINT, tid BIGINT)
DISCONNECT
/*C5*/SET SCHEMA PUBLIC
CREATE TABLE IF NOT EXISTS FdfTenant ( name TEXT, description TEXT, webURL TEXT, isPrimary BOOLEAN, rid BIGINT IDENTITY PRIMARY KEY, id BIGINT, cf BOOLEAN, df BOOLEAN, arsd TIMESTAMP DEFAULT CURRENT_TIMESTAMP, ared TIMESTAMP NULL, euid BIGINT, esid BIGINT, tid BIGINT)
DISCONNECT
/*C6*/SET SCHEMA PUBLIC
DISCONNECT
/*C7*/SET SCHEMA PUBLIC
DISCONNECT
/*C8*/SET SCHEMA PUBLIC
DISCONNECT
/*C9*/SET SCHEMA PUBLIC
DISCONNECT
/*C10*/SET SCHEMA PUBLIC
DISCONNECT
/*C11*/SET SCHEMA PUBLIC
DISCONNECT
/*C12*/SET SCHEMA PUBLIC
DISCONNECT
/*C13*/SET SCHEMA PUBLIC
INSERT INTO FDFSYSTEM VALUES('Black Car Core API','Central API service for the Black Car Application','ed44a7295640af67ceba328aa841cf4d9bcb7a2a6e3f0b11e96339dc7386571e',0,1,TRUE,FALSE,'2022-04-03 22:08:33.971000',NULL,0,0,1)
COMMIT
DISCONNECT
/*C14*/SET SCHEMA PUBLIC
DISCONNECT
/*C15*/SET SCHEMA PUBLIC
DISCONNECT
/*C16*/SET SCHEMA PUBLIC
DISCONNECT
/*C17*/SET SCHEMA PUBLIC
DISCONNECT
/*C18*/SET SCHEMA PUBLIC
DISCONNECT
/*C19*/SET SCHEMA PUBLIC
INSERT INTO FDFSYSTEM VALUES('Default Test System','Default test system for use connecting to the system for testing','e8170b81964ea2a731ae7eedb9cfcb4939ec2161f456b1ec45204a4c4a926da4',1,2,TRUE,FALSE,'2022-04-03 22:08:34.622000',NULL,0,0,1)
COMMIT
DISCONNECT
/*C20*/SET SCHEMA PUBLIC
DISCONNECT
/*C21*/SET SCHEMA PUBLIC
DISCONNECT
/*C22*/SET SCHEMA PUBLIC
DISCONNECT
/*C23*/SET SCHEMA PUBLIC
DISCONNECT
/*C24*/SET SCHEMA PUBLIC
DISCONNECT
/*C25*/SET SCHEMA PUBLIC
DISCONNECT
/*C26*/SET SCHEMA PUBLIC
INSERT INTO FDFTENANT VALUES('BlackCar','Main system Tenant','http://www.4dflib.com',TRUE,0,1,TRUE,FALSE,'2022-04-03 22:08:35.366000',NULL,1,1,1)
COMMIT
DISCONNECT
/*C27*/SET SCHEMA PUBLIC
DISCONNECT
/*C28*/SET SCHEMA PUBLIC
DISCONNECT
/*C29*/SET SCHEMA PUBLIC
DISCONNECT
/*C30*/SET SCHEMA PUBLIC
DISCONNECT
/*C31*/SET SCHEMA PUBLIC
INSERT INTO DRIVER VALUES('Sam','Holden','212-555-1212',0,1,TRUE,FALSE,'2022-04-03 22:08:35.896000',NULL,-1,-1,1)
COMMIT
DISCONNECT
/*C32*/SET SCHEMA PUBLIC
DISCONNECT
/*C33*/SET SCHEMA PUBLIC
DISCONNECT
/*C34*/SET SCHEMA PUBLIC
DISCONNECT
/*C35*/SET SCHEMA PUBLIC
DISCONNECT
/*C36*/SET SCHEMA PUBLIC
INSERT INTO DRIVER VALUES('Harry','Smith','212-555-1313',1,2,TRUE,FALSE,'2022-04-03 22:08:36.433000',NULL,-1,-1,1)
COMMIT
DISCONNECT
/*C37*/SET SCHEMA PUBLIC
DISCONNECT
/*C38*/SET SCHEMA PUBLIC
DISCONNECT
/*C39*/SET SCHEMA PUBLIC
DISCONNECT
/*C40*/SET SCHEMA PUBLIC
DISCONNECT
/*C41*/SET SCHEMA PUBLIC
INSERT INTO DRIVER VALUES('Jack','Johnson','212-555-1414',2,3,TRUE,FALSE,'2022-04-03 22:08:36.968000',NULL,-1,-1,1)
COMMIT
DISCONNECT
/*C42*/SET SCHEMA PUBLIC
DISCONNECT
/*C43*/SET SCHEMA PUBLIC
DISCONNECT
/*C44*/SET SCHEMA PUBLIC
DISCONNECT
/*C45*/SET SCHEMA PUBLIC
DISCONNECT
/*C46*/SET SCHEMA PUBLIC
INSERT INTO DRIVER VALUES('Brian','G','845-555-1114',3,4,TRUE,FALSE,'2022-04-03 22:08:37.495000',NULL,-1,-1,1)
COMMIT
DISCONNECT
/*C47*/SET SCHEMA PUBLIC
DISCONNECT
/*C48*/SET SCHEMA PUBLIC
DISCONNECT
/*C49*/SET SCHEMA PUBLIC
DISCONNECT
/*C50*/SET SCHEMA PUBLIC
DISCONNECT
/*C51*/SET SCHEMA PUBLIC
DISCONNECT
/*C52*/SET SCHEMA PUBLIC
INSERT INTO CAR VALUES('PONTIAC','Trans Am',1983,'Teal','Mufasa','Total awesomeness',FALSE,TRUE,FALSE,4,0,1,TRUE,FALSE,'2022-04-03 22:08:38.129000',NULL,-1,-1,1)
COMMIT
DISCONNECT
/*C53*/SET SCHEMA PUBLIC
DISCONNECT
/*C54*/SET SCHEMA PUBLIC
DISCONNECT
/*C55*/SET SCHEMA PUBLIC
DISCONNECT
/*C56*/SET SCHEMA PUBLIC
DISCONNECT
/*C57*/SET SCHEMA PUBLIC
DISCONNECT
/*C58*/SET SCHEMA PUBLIC
INSERT INTO CAR VALUES('CHEVY','SS',2014,'Sliver','sliver ss','Nice Sleeper',FALSE,TRUE,FALSE,-1,1,2,TRUE,FALSE,'2022-04-03 22:08:38.767000',NULL,-1,-1,1)
COMMIT
DISCONNECT
/*C59*/SET SCHEMA PUBLIC
DISCONNECT
/*C60*/SET SCHEMA PUBLIC
DISCONNECT
/*C61*/SET SCHEMA PUBLIC
DISCONNECT
/*C62*/SET SCHEMA PUBLIC
DISCONNECT
/*C63*/SET SCHEMA PUBLIC
DISCONNECT
/*C64*/SET SCHEMA PUBLIC
INSERT INTO CAR VALUES('PORSCHE','Boxster s',2001,'Gray','Brians project','Roadster',FALSE,TRUE,FALSE,-1,2,3,TRUE,FALSE,'2022-04-03 22:08:39.400000',NULL,-1,-1,1)
COMMIT
DISCONNECT
/*C65*/SET SCHEMA PUBLIC
DISCONNECT
/*C66*/SET SCHEMA PUBLIC
DISCONNECT
/*C67*/SET SCHEMA PUBLIC
DISCONNECT
/*C68*/SET SCHEMA PUBLIC
DISCONNECT
/*C69*/SET SCHEMA PUBLIC
DISCONNECT
/*C70*/SET SCHEMA PUBLIC
INSERT INTO CAR VALUES('HONDA','Pilot',2019,'Maroon','Current Family Hauler','Family Fun!',FALSE,TRUE,FALSE,4,3,4,TRUE,FALSE,'2022-04-03 22:08:40.031000',NULL,-1,-1,1)
COMMIT
DISCONNECT
/*C71*/SET SCHEMA PUBLIC
DISCONNECT
/*C72*/SET SCHEMA PUBLIC
DISCONNECT
/*C73*/SET SCHEMA PUBLIC
DISCONNECT
/*C74*/SET SCHEMA PUBLIC
DISCONNECT
/*C75*/SET SCHEMA PUBLIC
DISCONNECT
/*C76*/SET SCHEMA PUBLIC
INSERT INTO CAR VALUES('CHRYSLER','Town & Country',2014,'Red','Minivan o death','POS',FALSE,TRUE,FALSE,-1,4,5,TRUE,FALSE,'2022-04-03 22:08:40.669000',NULL,-1,-1,1)
COMMIT
DISCONNECT
/*C77*/SET SCHEMA PUBLIC
DISCONNECT
/*C78*/SET SCHEMA PUBLIC
DISCONNECT
/*C79*/SET SCHEMA PUBLIC
DISCONNECT
/*C80*/SET SCHEMA PUBLIC
DISCONNECT
/*C81*/SET SCHEMA PUBLIC
DISCONNECT
/*C82*/SET SCHEMA PUBLIC
INSERT INTO CAR VALUES('FORD','LTD Crown Victoria',2001,'Yellow','Medallion 1','NYC has the best taxis',FALSE,TRUE,FALSE,3,5,6,TRUE,FALSE,'2022-04-03 22:08:41.310000',NULL,-1,-1,1)
COMMIT
DISCONNECT
/*C83*/SET SCHEMA PUBLIC
DISCONNECT
/*C84*/SET SCHEMA PUBLIC
DISCONNECT
/*C85*/SET SCHEMA PUBLIC
DISCONNECT
/*C86*/SET SCHEMA PUBLIC
DISCONNECT
/*C87*/SET SCHEMA PUBLIC
DISCONNECT
/*C88*/SET SCHEMA PUBLIC
DELETE FROM CAR WHERE RID=2
INSERT INTO CAR VALUES('PORSCHE','Boxster s',2001,'Gray','Brians project','Roadster',FALSE,TRUE,FALSE,-1,2,3,FALSE,FALSE,'2022-04-03 22:08:39.400000','2022-04-03 22:08:48.163000',-1,-1,1)
COMMIT
DISCONNECT
/*C89*/SET SCHEMA PUBLIC
INSERT INTO CAR VALUES('PORSCHE','Boxster s',2001,'Gray','Brians project','Roadster',FALSE,TRUE,FALSE,4,6,3,TRUE,FALSE,'2022-04-03 22:08:48.057000',NULL,-1,-1,1)
COMMIT
DISCONNECT
/*C90*/SET SCHEMA PUBLIC
DISCONNECT
/*C91*/SET SCHEMA PUBLIC
DISCONNECT
/*C92*/SET SCHEMA PUBLIC
DISCONNECT
/*C93*/SET SCHEMA PUBLIC
DISCONNECT
/*C94*/SET SCHEMA PUBLIC
DISCONNECT
/*C95*/SET SCHEMA PUBLIC
DISCONNECT
/*C96*/SET SCHEMA PUBLIC
DISCONNECT
/*C97*/SET SCHEMA PUBLIC
DISCONNECT
/*C98*/SET SCHEMA PUBLIC
DELETE FROM CAR WHERE RID=6
INSERT INTO CAR VALUES('PORSCHE','Boxster s',2001,'Gray','Brians project','Roadster',FALSE,TRUE,FALSE,4,6,3,FALSE,FALSE,'2022-04-03 22:08:48.057000','2022-04-03 22:08:55.220000',-1,-1,1)
COMMIT
DISCONNECT
/*C99*/SET SCHEMA PUBLIC
INSERT INTO CAR VALUES('PORSCHE','Boxster s',2001,'Gray','Brians project','Roadster',TRUE,TRUE,FALSE,4,7,3,TRUE,FALSE,'2022-04-03 22:08:55.115000',NULL,-1,-1,1)
COMMIT
DISCONNECT
/*C100*/SET SCHEMA PUBLIC
DISCONNECT
/*C101*/SET SCHEMA PUBLIC
DISCONNECT
/*C102*/SET SCHEMA PUBLIC
DISCONNECT
/*C103*/SET SCHEMA PUBLIC
DISCONNECT
/*C104*/SET SCHEMA PUBLIC
DELETE FROM CAR WHERE RID=5
INSERT INTO CAR VALUES('FORD','LTD Crown Victoria',2001,'Yellow','Medallion 1','NYC has the best taxis',FALSE,TRUE,FALSE,3,5,6,FALSE,FALSE,'2022-04-03 22:08:41.310000','2022-04-03 22:08:55.849000',-1,-1,1)
COMMIT
DISCONNECT
/*C105*/SET SCHEMA PUBLIC
INSERT INTO CAR VALUES('FORD','LTD Crown Victoria',2001,'Yellow','Medallion 1','NYC has the best taxis',TRUE,TRUE,FALSE,3,8,6,TRUE,FALSE,'2022-04-03 22:08:55.746000',NULL,-1,-1,1)
COMMIT
DISCONNECT
/*C106*/SET SCHEMA PUBLIC
DISCONNECT
/*C107*/SET SCHEMA PUBLIC
DISCONNECT
/*C108*/SET SCHEMA PUBLIC
DISCONNECT
/*C109*/SET SCHEMA PUBLIC
DISCONNECT
/*C110*/SET SCHEMA PUBLIC
DISCONNECT
/*C111*/SET SCHEMA PUBLIC
DELETE FROM CAR WHERE RID=7
INSERT INTO CAR VALUES('PORSCHE','Boxster s',2001,'Gray','Brians project','Roadster',TRUE,TRUE,FALSE,4,7,3,FALSE,FALSE,'2022-04-03 22:08:55.115000','2022-04-03 22:09:02.588000',-1,-1,1)
COMMIT
DISCONNECT
/*C112*/SET SCHEMA PUBLIC
INSERT INTO CAR VALUES('PORSCHE','Boxster s',2001,'Gray','Brians project','Roadster',FALSE,TRUE,FALSE,4,9,3,TRUE,FALSE,'2022-04-03 22:09:02.484000',NULL,-1,-1,1)
COMMIT
DISCONNECT
/*C113*/SET SCHEMA PUBLIC
DISCONNECT
/*C114*/SET SCHEMA PUBLIC
DISCONNECT
/*C115*/SET SCHEMA PUBLIC
DISCONNECT
/*C116*/SET SCHEMA PUBLIC
DISCONNECT
